============================= test session starts ==============================
platform linux -- Python 3.11.15, pytest-9.1.0, pluggy-1.6.0
rootdir: /home/ubuntu/gallery-repo
configfile: pyproject.toml
plugins: anyio-4.13.0, cov-7.1.0
collected 592 items

backend/tests/test_albums.py .............                               [  2%]
backend/tests/test_api_integration_derivatives.py ...................    [  5%]
backend/tests/test_api_integration_health_and_safety.py ..........       [  7%]
backend/tests/test_api_integration_index_status.py ............          [  9%]
backend/tests/test_api_integration_metadata_search_facets.py ........... [ 10%]
..........                                                               [ 12%]
backend/tests/test_api_integration_scan.py ..............                [ 15%]
backend/tests/test_app.py .............................................. [ 22%]
..............                                                           [ 25%]
backend/tests/test_app_coverage.py ......                                [ 26%]
backend/tests/test_db_required_scan.py F..                               [ 26%]
backend/tests/test_derivative_scheduler.py ...                           [ 27%]
backend/tests/test_derivatives.py .............                          [ 29%]
backend/tests/test_facets.py ...........                                 [ 31%]
backend/tests/test_fielded_search_parser.py ............................ [ 35%]
...............................................................          [ 46%]
backend/tests/test_folders.py ......................                     [ 50%]
backend/tests/test_indexer_staging.py .........                          [ 51%]
backend/tests/test_libraries_catalog.py .....                            [ 52%]
backend/tests/test_library_inspector.py ...............                  [ 55%]
backend/tests/test_metadata_binary_sanitizer.py ..                       [ 55%]
backend/tests/test_metadata_extract_parsers.py ......................... [ 59%]
............................                                             [ 64%]
backend/tests/test_metadata_parse_coverage.py .............              [ 66%]
backend/tests/test_metadata_store_coverage.py .......................... [ 71%]
........................                                                 [ 75%]
backend/tests/test_paths.py .......                                      [ 76%]
backend/tests/test_refresh_service.py ..................                 [ 79%]
backend/tests/test_scan_folder_counts.py ....                            [ 80%]
backend/tests/test_scan_hot_path.py ..                                   [ 80%]
backend/tests/test_scheduled_refresh.py ............                     [ 82%]
backend/tests/test_search_coverage.py ..................                 [ 85%]
backend/tests/test_static_files.py ............                          [ 87%]
backend/tests/test_thumbnails_coverage.py .............................. [ 92%]
....                                                                     [ 93%]
backend/tests/test_warm_folder_listing.py ................               [ 95%]
backend/tests/test_watcher.py ........................                   [100%]

=================================== FAILURES ===================================
______________ test_default_mode_allows_unregistered_direct_scan _______________

isolated_metadata_db = PosixPath('/tmp/pytest-of-ubuntu/pytest-301/test_default_mode_allows_unreg0/test_metadata.db')
isolated_gallery_root = PosixPath('/tmp/pytest-of-ubuntu/pytest-301/test_default_mode_allows_unreg0/gallery_root')
monkeypatch = <_pytest.monkeypatch.MonkeyPatch object at 0xe0e431dcec90>

    def test_default_mode_allows_unregistered_direct_scan(
        isolated_metadata_db: Path,
        isolated_gallery_root: Path,
        monkeypatch,
    ):
>       library_id = list_libraries()[0]["id"]
                     ^^^^^^^^^^^^^^^^

backend/tests/test_db_required_scan.py:17: 
_ _ _ _ _ _ _ _ _ _ _ _ _ _ _ _ _ _ _ _ _ _ _ _ _ _ _ _ _ _ _ _ _ _ _ _ _ _ _ _ 

    def list_libraries() -> list[dict[str, Any]]:
        """Return all registered libraries in stable ID order."""
        initialize_database()
        with _DB_LOCK, _connect() as conn:
>           return [dict(row) for row in conn.execute("SELECT * FROM libraries ORDER BY id")]
                                         ^^^^^^^^^^^^^^^^^^^^^^^^^^^^^^^^^^^^^^^^^^^^^^^^^^^
E           sqlite3.OperationalError: no such table: libraries

backend/metadata_store.py:611: OperationalError
=============================== warnings summary ===============================
backend/app.py:88: 1 warning
backend/tests/test_app.py: 1 warning
backend/tests/test_app_coverage.py: 10 warnings
  /home/ubuntu/gallery-repo/backend/app.py:88: DeprecationWarning: 
          on_event is deprecated, use lifespan event handlers instead.
  
          Read more about it in the
          [FastAPI docs for Lifespan Events](https://fastapi.tiangolo.com/advanced/events/).
          
    @app.on_event("startup")

backend/venv/lib/python3.11/site-packages/fastapi/applications.py:4580: 2 warnings
backend/tests/test_app.py: 2 warnings
backend/tests/test_app_coverage.py: 20 warnings
  /home/ubuntu/gallery-repo/backend/venv/lib/python3.11/site-packages/fastapi/applications.py:4580: DeprecationWarning: 
          on_event is deprecated, use lifespan event handlers instead.
  
          Read more about it in the
          [FastAPI docs for Lifespan Events](https://fastapi.tiangolo.com/advanced/events/).
          
    return self.router.on_event(event_type)

backend/app.py:95: 1 warning
backend/tests/test_app.py: 1 warning
backend/tests/test_app_coverage.py: 10 warnings
  /home/ubuntu/gallery-repo/backend/app.py:95: DeprecationWarning: 
          on_event is deprecated, use lifespan event handlers instead.
  
          Read more about it in the
          [FastAPI docs for Lifespan Events](https://fastapi.tiangolo.com/advanced/events/).
          
    @app.on_event("shutdown")

-- Docs: https://docs.pytest.org/en/stable/how-to/capture-warnings.html
=========================== short test summary info ============================
FAILED backend/tests/test_db_required_scan.py::test_default_mode_allows_unregistered_direct_scan
============ 1 failed, 591 passed, 48 warnings in 73.04s (0:01:13) =============
